<?xml version="1.0" encoding="UTF-8"?>
<testsuite xmlns:xsi="http://www.w3.org/2001/XMLSchema-instance" xsi:noNamespaceSchemaLocation="https://maven.apache.org/surefire/maven-surefire-plugin/xsd/surefire-test-report.xsd" name="TestSuite" time="16.858" tests="4" errors="0" skipped="0" failures="0">
  <properties>
    <property name="java.specification.version" value="15"/>
    <property name="sun.cpu.isalist" value="amd64"/>
    <property name="sun.jnu.encoding" value="Cp1252"/>
    <property name="java.class.path" value="C:\Users\Rajeev\eclipse-workspace\LIVEPROJECTS\DataDrivenFramework\target\test-classes;C:\Users\Rajeev\eclipse-workspace\LIVEPROJECTS\DataDrivenFramework\target\classes;C:\Users\Rajeev\.m2\repository\com\aventstack\extentreports\5.0.4\extentreports-5.0.4.jar;C:\Users\Rajeev\.m2\repository\io\reactivex\rxjava3\rxjava\3.0.4\rxjava-3.0.4.jar;C:\Users\Rajeev\.m2\repository\org\reactivestreams\reactive-streams\1.0.3\reactive-streams-1.0.3.jar;C:\Users\Rajeev\.m2\repository\org\freemarker\freemarker\2.3.30\freemarker-2.3.30.jar;C:\Users\Rajeev\.m2\repository\org\projectlombok\lombok\1.18.12\lombok-1.18.12.jar;C:\Users\Rajeev\.m2\repository\com\google\code\gson\gson\2.8.6\gson-2.8.6.jar;C:\Users\Rajeev\.m2\repository\org\apache\poi\poi-ooxml\4.1.2\poi-ooxml-4.1.2.jar;C:\Users\Rajeev\.m2\repository\org\apache\poi\poi-ooxml-schemas\4.1.2\poi-ooxml-schemas-4.1.2.jar;C:\Users\Rajeev\.m2\repository\org\apache\xmlbeans\xmlbeans\3.1.0\xmlbeans-3.1.0.jar;C:\Users\Rajeev\.m2\repository\org\apache\commons\commons-compress\1.19\commons-compress-1.19.jar;C:\Users\Rajeev\.m2\repository\com\github\virtuald\curvesapi\1.06\curvesapi-1.06.jar;C:\Users\Rajeev\.m2\repository\org\apache\poi\poi\4.1.2\poi-4.1.2.jar;C:\Users\Rajeev\.m2\repository\commons-codec\commons-codec\1.13\commons-codec-1.13.jar;C:\Users\Rajeev\.m2\repository\org\apache\commons\commons-collections4\4.4\commons-collections4-4.4.jar;C:\Users\Rajeev\.m2\repository\org\apache\commons\commons-math3\3.6.1\commons-math3-3.6.1.jar;C:\Users\Rajeev\.m2\repository\com\zaxxer\SparseBitSet\1.2\SparseBitSet-1.2.jar;C:\Users\Rajeev\.m2\repository\io\cucumber\cucumber-testng\6.9.0\cucumber-testng-6.9.0.jar;C:\Users\Rajeev\.m2\repository\org\apiguardian\apiguardian-api\1.1.0\apiguardian-api-1.1.0.jar;C:\Users\Rajeev\.m2\repository\io\cucumber\cucumber-core\6.9.0\cucumber-core-6.9.0.jar;C:\Users\Rajeev\.m2\repository\io\cucumber\cucumber-gherkin\6.9.0\cucumber-gherkin-6.9.0.jar;C:\Users\Rajeev\.m2\repository\io\cucumber\cucumber-gherkin-messages\6.9.0\cucumber-gherkin-messages-6.9.0.jar;C:\Users\Rajeev\.m2\repository\io\cucumber\messages\13.2.0\messages-13.2.0.jar;C:\Users\Rajeev\.m2\repository\io\cucumber\tag-expressions\3.0.0\tag-expressions-3.0.0.jar;C:\Users\Rajeev\.m2\repository\io\cucumber\cucumber-expressions\10.3.0\cucumber-expressions-10.3.0.jar;C:\Users\Rajeev\.m2\repository\io\cucumber\datatable\3.5.0\datatable-3.5.0.jar;C:\Users\Rajeev\.m2\repository\io\cucumber\cucumber-plugin\6.9.0\cucumber-plugin-6.9.0.jar;C:\Users\Rajeev\.m2\repository\io\cucumber\docstring\6.9.0\docstring-6.9.0.jar;C:\Users\Rajeev\.m2\repository\io\cucumber\html-formatter\9.0.0\html-formatter-9.0.0.jar;C:\Users\Rajeev\.m2\repository\io\cucumber\create-meta\2.0.4\create-meta-2.0.4.jar;C:\Users\Rajeev\.m2\repository\io\cucumber\cucumber-java\6.9.0\cucumber-java-6.9.0.jar;C:\Users\Rajeev\.m2\repository\io\cucumber\cucumber-junit\6.9.0\cucumber-junit-6.9.0.jar;C:\Users\Rajeev\.m2\repository\junit\junit\4.11\junit-4.11.jar;C:\Users\Rajeev\.m2\repository\org\hamcrest\hamcrest-core\1.3\hamcrest-core-1.3.jar;C:\Users\Rajeev\.m2\repository\org\testng\testng\7.3.0\testng-7.3.0.jar;C:\Users\Rajeev\.m2\repository\com\beust\jcommander\1.78\jcommander-1.78.jar;C:\Users\Rajeev\.m2\repository\org\apache\ant\ant\1.10.3\ant-1.10.3.jar;C:\Users\Rajeev\.m2\repository\org\apache\ant\ant-launcher\1.10.3\ant-launcher-1.10.3.jar;C:\Users\Rajeev\.m2\repository\com\google\inject\guice\4.2.2\guice-4.2.2-no_aop.jar;C:\Users\Rajeev\.m2\repository\javax\inject\javax.inject\1\javax.inject-1.jar;C:\Users\Rajeev\.m2\repository\aopalliance\aopalliance\1.0\aopalliance-1.0.jar;C:\Users\Rajeev\.m2\repository\org\yaml\snakeyaml\1.21\snakeyaml-1.21.jar;C:\Users\Rajeev\.m2\repository\org\seleniumhq\selenium\selenium-java\3.141.59\selenium-java-3.141.59.jar;C:\Users\Rajeev\.m2\repository\org\seleniumhq\selenium\selenium-api\3.141.59\selenium-api-3.141.59.jar;C:\Users\Rajeev\.m2\repository\org\seleniumhq\selenium\selenium-chrome-driver\3.141.59\selenium-chrome-driver-3.141.59.jar;C:\Users\Rajeev\.m2\repository\org\seleniumhq\selenium\selenium-edge-driver\3.141.59\selenium-edge-driver-3.141.59.jar;C:\Users\Rajeev\.m2\repository\org\seleniumhq\selenium\selenium-firefox-driver\3.141.59\selenium-firefox-driver-3.141.59.jar;C:\Users\Rajeev\.m2\repository\org\seleniumhq\selenium\selenium-ie-driver\3.141.59\selenium-ie-driver-3.141.59.jar;C:\Users\Rajeev\.m2\repository\org\seleniumhq\selenium\selenium-opera-driver\3.141.59\selenium-opera-driver-3.141.59.jar;C:\Users\Rajeev\.m2\repository\org\seleniumhq\selenium\selenium-remote-driver\3.141.59\selenium-remote-driver-3.141.59.jar;C:\Users\Rajeev\.m2\repository\org\seleniumhq\selenium\selenium-safari-driver\3.141.59\selenium-safari-driver-3.141.59.jar;C:\Users\Rajeev\.m2\repository\org\seleniumhq\selenium\selenium-support\3.141.59\selenium-support-3.141.59.jar;C:\Users\Rajeev\.m2\repository\net\bytebuddy\byte-buddy\1.8.15\byte-buddy-1.8.15.jar;C:\Users\Rajeev\.m2\repository\org\apache\commons\commons-exec\1.3\commons-exec-1.3.jar;C:\Users\Rajeev\.m2\repository\com\google\guava\guava\25.0-jre\guava-25.0-jre.jar;C:\Users\Rajeev\.m2\repository\com\google\code\findbugs\jsr305\1.3.9\jsr305-1.3.9.jar;C:\Users\Rajeev\.m2\repository\org\checkerframework\checker-compat-qual\2.0.0\checker-compat-qual-2.0.0.jar;C:\Users\Rajeev\.m2\repository\com\google\errorprone\error_prone_annotations\2.1.3\error_prone_annotations-2.1.3.jar;C:\Users\Rajeev\.m2\repository\com\google\j2objc\j2objc-annotations\1.1\j2objc-annotations-1.1.jar;C:\Users\Rajeev\.m2\repository\org\codehaus\mojo\animal-sniffer-annotations\1.14\animal-sniffer-annotations-1.14.jar;C:\Users\Rajeev\.m2\repository\com\squareup\okhttp3\okhttp\3.11.0\okhttp-3.11.0.jar;C:\Users\Rajeev\.m2\repository\com\squareup\okio\okio\1.14.0\okio-1.14.0.jar;C:\Users\Rajeev\.m2\repository\org\apache\logging\log4j\log4j-api\2.14.0\log4j-api-2.14.0.jar;C:\Users\Rajeev\.m2\repository\org\apache\logging\log4j\log4j-core\2.14.0\log4j-core-2.14.0.jar;C:\Users\Rajeev\.m2\repository\log4j\log4j\1.2.17\log4j-1.2.17.jar;C:\Users\Rajeev\.m2\repository\commons-io\commons-io\2.8.0\commons-io-2.8.0.jar;"/>
    <property name="java.vm.vendor" value="Oracle Corporation"/>
    <property name="sun.arch.data.model" value="64"/>
    <property name="user.variant" value=""/>
    <property name="java.vendor.url" value="https://java.oracle.com/"/>
    <property name="user.timezone" value="Europe/London"/>
    <property name="os.name" value="Windows 10"/>
    <property name="java.vm.specification.version" value="15"/>
    <property name="sun.java.launcher" value="SUN_STANDARD"/>
    <property name="user.country" value="US"/>
    <property name="sun.boot.library.path" value="C:\Program Files\Java\jdk-15.0.1\bin"/>
    <property name="sun.java.command" value="C:\Users\Rajeev\AppData\Local\Temp\surefire372144620715955288\surefirebooter4953067601800392240.jar C:\Users\Rajeev\AppData\Local\Temp\surefire372144620715955288 2020-12-11T10-40-54_501-jvmRun1 surefire10246814740305592229tmp surefire_014130396941741161231tmp"/>
    <property name="jdk.debug" value="release"/>
    <property name="surefire.test.class.path" value="C:\Users\Rajeev\eclipse-workspace\LIVEPROJECTS\DataDrivenFramework\target\test-classes;C:\Users\Rajeev\eclipse-workspace\LIVEPROJECTS\DataDrivenFramework\target\classes;C:\Users\Rajeev\.m2\repository\com\aventstack\extentreports\5.0.4\extentreports-5.0.4.jar;C:\Users\Rajeev\.m2\repository\io\reactivex\rxjava3\rxjava\3.0.4\rxjava-3.0.4.jar;C:\Users\Rajeev\.m2\repository\org\reactivestreams\reactive-streams\1.0.3\reactive-streams-1.0.3.jar;C:\Users\Rajeev\.m2\repository\org\freemarker\freemarker\2.3.30\freemarker-2.3.30.jar;C:\Users\Rajeev\.m2\repository\org\projectlombok\lombok\1.18.12\lombok-1.18.12.jar;C:\Users\Rajeev\.m2\repository\com\google\code\gson\gson\2.8.6\gson-2.8.6.jar;C:\Users\Rajeev\.m2\repository\org\apache\poi\poi-ooxml\4.1.2\poi-ooxml-4.1.2.jar;C:\Users\Rajeev\.m2\repository\org\apache\poi\poi-ooxml-schemas\4.1.2\poi-ooxml-schemas-4.1.2.jar;C:\Users\Rajeev\.m2\repository\org\apache\xmlbeans\xmlbeans\3.1.0\xmlbeans-3.1.0.jar;C:\Users\Rajeev\.m2\repository\org\apache\commons\commons-compress\1.19\commons-compress-1.19.jar;C:\Users\Rajeev\.m2\repository\com\github\virtuald\curvesapi\1.06\curvesapi-1.06.jar;C:\Users\Rajeev\.m2\repository\org\apache\poi\poi\4.1.2\poi-4.1.2.jar;C:\Users\Rajeev\.m2\repository\commons-codec\commons-codec\1.13\commons-codec-1.13.jar;C:\Users\Rajeev\.m2\repository\org\apache\commons\commons-collections4\4.4\commons-collections4-4.4.jar;C:\Users\Rajeev\.m2\repository\org\apache\commons\commons-math3\3.6.1\commons-math3-3.6.1.jar;C:\Users\Rajeev\.m2\repository\com\zaxxer\SparseBitSet\1.2\SparseBitSet-1.2.jar;C:\Users\Rajeev\.m2\repository\io\cucumber\cucumber-testng\6.9.0\cucumber-testng-6.9.0.jar;C:\Users\Rajeev\.m2\repository\org\apiguardian\apiguardian-api\1.1.0\apiguardian-api-1.1.0.jar;C:\Users\Rajeev\.m2\repository\io\cucumber\cucumber-core\6.9.0\cucumber-core-6.9.0.jar;C:\Users\Rajeev\.m2\repository\io\cucumber\cucumber-gherkin\6.9.0\cucumber-gherkin-6.9.0.jar;C:\Users\Rajeev\.m2\repository\io\cucumber\cucumber-gherkin-messages\6.9.0\cucumber-gherkin-messages-6.9.0.jar;C:\Users\Rajeev\.m2\repository\io\cucumber\messages\13.2.0\messages-13.2.0.jar;C:\Users\Rajeev\.m2\repository\io\cucumber\tag-expressions\3.0.0\tag-expressions-3.0.0.jar;C:\Users\Rajeev\.m2\repository\io\cucumber\cucumber-expressions\10.3.0\cucumber-expressions-10.3.0.jar;C:\Users\Rajeev\.m2\repository\io\cucumber\datatable\3.5.0\datatable-3.5.0.jar;C:\Users\Rajeev\.m2\repository\io\cucumber\cucumber-plugin\6.9.0\cucumber-plugin-6.9.0.jar;C:\Users\Rajeev\.m2\repository\io\cucumber\docstring\6.9.0\docstring-6.9.0.jar;C:\Users\Rajeev\.m2\repository\io\cucumber\html-formatter\9.0.0\html-formatter-9.0.0.jar;C:\Users\Rajeev\.m2\repository\io\cucumber\create-meta\2.0.4\create-meta-2.0.4.jar;C:\Users\Rajeev\.m2\repository\io\cucumber\cucumber-java\6.9.0\cucumber-java-6.9.0.jar;C:\Users\Rajeev\.m2\repository\io\cucumber\cucumber-junit\6.9.0\cucumber-junit-6.9.0.jar;C:\Users\Rajeev\.m2\repository\junit\junit\4.11\junit-4.11.jar;C:\Users\Rajeev\.m2\repository\org\hamcrest\hamcrest-core\1.3\hamcrest-core-1.3.jar;C:\Users\Rajeev\.m2\repository\org\testng\testng\7.3.0\testng-7.3.0.jar;C:\Users\Rajeev\.m2\repository\com\beust\jcommander\1.78\jcommander-1.78.jar;C:\Users\Rajeev\.m2\repository\org\apache\ant\ant\1.10.3\ant-1.10.3.jar;C:\Users\Rajeev\.m2\repository\org\apache\ant\ant-launcher\1.10.3\ant-launcher-1.10.3.jar;C:\Users\Rajeev\.m2\repository\com\google\inject\guice\4.2.2\guice-4.2.2-no_aop.jar;C:\Users\Rajeev\.m2\repository\javax\inject\javax.inject\1\javax.inject-1.jar;C:\Users\Rajeev\.m2\repository\aopalliance\aopalliance\1.0\aopalliance-1.0.jar;C:\Users\Rajeev\.m2\repository\org\yaml\snakeyaml\1.21\snakeyaml-1.21.jar;C:\Users\Rajeev\.m2\repository\org\seleniumhq\selenium\selenium-java\3.141.59\selenium-java-3.141.59.jar;C:\Users\Rajeev\.m2\repository\org\seleniumhq\selenium\selenium-api\3.141.59\selenium-api-3.141.59.jar;C:\Users\Rajeev\.m2\repository\org\seleniumhq\selenium\selenium-chrome-driver\3.141.59\selenium-chrome-driver-3.141.59.jar;C:\Users\Rajeev\.m2\repository\org\seleniumhq\selenium\selenium-edge-driver\3.141.59\selenium-edge-driver-3.141.59.jar;C:\Users\Rajeev\.m2\repository\org\seleniumhq\selenium\selenium-firefox-driver\3.141.59\selenium-firefox-driver-3.141.59.jar;C:\Users\Rajeev\.m2\repository\org\seleniumhq\selenium\selenium-ie-driver\3.141.59\selenium-ie-driver-3.141.59.jar;C:\Users\Rajeev\.m2\repository\org\seleniumhq\selenium\selenium-opera-driver\3.141.59\selenium-opera-driver-3.141.59.jar;C:\Users\Rajeev\.m2\repository\org\seleniumhq\selenium\selenium-remote-driver\3.141.59\selenium-remote-driver-3.141.59.jar;C:\Users\Rajeev\.m2\repository\org\seleniumhq\selenium\selenium-safari-driver\3.141.59\selenium-safari-driver-3.141.59.jar;C:\Users\Rajeev\.m2\repository\org\seleniumhq\selenium\selenium-support\3.141.59\selenium-support-3.141.59.jar;C:\Users\Rajeev\.m2\repository\net\bytebuddy\byte-buddy\1.8.15\byte-buddy-1.8.15.jar;C:\Users\Rajeev\.m2\repository\org\apache\commons\commons-exec\1.3\commons-exec-1.3.jar;C:\Users\Rajeev\.m2\repository\com\google\guava\guava\25.0-jre\guava-25.0-jre.jar;C:\Users\Rajeev\.m2\repository\com\google\code\findbugs\jsr305\1.3.9\jsr305-1.3.9.jar;C:\Users\Rajeev\.m2\repository\org\checkerframework\checker-compat-qual\2.0.0\checker-compat-qual-2.0.0.jar;C:\Users\Rajeev\.m2\repository\com\google\errorprone\error_prone_annotations\2.1.3\error_prone_annotations-2.1.3.jar;C:\Users\Rajeev\.m2\repository\com\google\j2objc\j2objc-annotations\1.1\j2objc-annotations-1.1.jar;C:\Users\Rajeev\.m2\repository\org\codehaus\mojo\animal-sniffer-annotations\1.14\animal-sniffer-annotations-1.14.jar;C:\Users\Rajeev\.m2\repository\com\squareup\okhttp3\okhttp\3.11.0\okhttp-3.11.0.jar;C:\Users\Rajeev\.m2\repository\com\squareup\okio\okio\1.14.0\okio-1.14.0.jar;C:\Users\Rajeev\.m2\repository\org\apache\logging\log4j\log4j-api\2.14.0\log4j-api-2.14.0.jar;C:\Users\Rajeev\.m2\repository\org\apache\logging\log4j\log4j-core\2.14.0\log4j-core-2.14.0.jar;C:\Users\Rajeev\.m2\repository\log4j\log4j\1.2.17\log4j-1.2.17.jar;C:\Users\Rajeev\.m2\repository\commons-io\commons-io\2.8.0\commons-io-2.8.0.jar;"/>
    <property name="sun.cpu.endian" value="little"/>
    <property name="user.home" value="C:\Users\Rajeev"/>
    <property name="user.language" value="en"/>
    <property name="java.specification.vendor" value="Oracle Corporation"/>
    <property name="java.version.date" value="2020-10-20"/>
    <property name="java.home" value="C:\Program Files\Java\jdk-15.0.1"/>
    <property name="file.separator" value="\"/>
    <property name="basedir" value="C:\Users\Rajeev\eclipse-workspace\LIVEPROJECTS\DataDrivenFramework"/>
    <property name="java.vm.compressedOopsMode" value="32-bit"/>
    <property name="line.separator" value="&#10;"/>
    <property name="java.vm.specification.vendor" value="Oracle Corporation"/>
    <property name="java.specification.name" value="Java Platform API Specification"/>
    <property name="surefire.real.class.path" value="C:\Users\Rajeev\AppData\Local\Temp\surefire372144620715955288\surefirebooter4953067601800392240.jar"/>
    <property name="user.script" value=""/>
    <property name="sun.management.compiler" value="HotSpot 64-Bit Tiered Compilers"/>
    <property name="java.runtime.version" value="15.0.1+9-18"/>
    <property name="user.name" value="Rajeev"/>
    <property name="path.separator" value=";"/>
    <property name="os.version" value="10.0"/>
    <property name="java.runtime.name" value="Java(TM) SE Runtime Environment"/>
    <property name="file.encoding" value="Cp1252"/>
    <property name="java.vm.name" value="Java HotSpot(TM) 64-Bit Server VM"/>
    <property name="localRepository" value="C:\Users\Rajeev\.m2\repository"/>
    <property name="java.vendor.url.bug" value="https://bugreport.java.com/bugreport/"/>
    <property name="java.io.tmpdir" value="C:\Users\Rajeev\AppData\Local\Temp\"/>
    <property name="java.version" value="15.0.1"/>
    <property name="user.dir" value="C:\Users\Rajeev\eclipse-workspace\LIVEPROJECTS\DataDrivenFramework"/>
    <property name="os.arch" value="amd64"/>
    <property name="java.vm.specification.name" value="Java Virtual Machine Specification"/>
    <property name="sun.os.patch.level" value=""/>
    <property name="java.library.path" value="C:\Program Files\Java\jdk-15.0.1\bin;C:\WINDOWS\Sun\Java\bin;C:\WINDOWS\system32;C:\WINDOWS;C:\Program Files\Common Files\Oracle\Java\javapath;c:\Program Files (x86)\Intel\iCLS Client\;c:\Program Files\Intel\iCLS Client\;C:\WINDOWS\system32;C:\WINDOWS;C:\WINDOWS\System32\Wbem;C:\WINDOWS\System32\WindowsPowerShell\v1.0\;C:\Program Files\Intel\Intel(R) Management Engine Components\DAL;C:\Program Files\Intel\Intel(R) Management Engine Components\IPT;C:\Program Files (x86)\Intel\Intel(R) Management Engine Components\DAL;C:\Program Files (x86)\Intel\Intel(R) Management Engine Components\IPT;c:\Program Files (x86)\ATI Technologies\ATI.ACE\Core-Static;C:\Program Files\Intel\WiFi\bin\;C:\Program Files\Common Files\Intel\WirelessCommon\;C:\WINDOWS\System32\OpenSSH\;C:\Program Files\Java\jdk-15.0.1\bin;C:\Users\Rajeev\Desktop\Docs\vsm\SELENIUM\apache-maven-3.6.3-bin\apache-maven-3.6.3\bin;C:\Program Files\Git\cmd;C:\Users\Rajeev\AppData\Local\Microsoft\WindowsApps;C:\Users\Rajeev\AppData\Local\Programs\Python\Python39;C:\Users\Rajeev\AppData\Local\Programs\Python\Python39\Scripts;;."/>
    <property name="java.vm.info" value="mixed mode, sharing"/>
    <property name="java.vendor" value="Oracle Corporation"/>
    <property name="java.vm.version" value="15.0.1+9-18"/>
    <property name="sun.io.unicode.encoding" value="UnicodeLittle"/>
    <property name="java.class.version" value="59.0"/>
  </properties>
  <testcase name="loginAsBankManager" classname="testcases.BankManagerLoginTest" time="0.301"/>
  <testcase name="addCustomerTest" classname="testcases.AddCustomerTest" time="0.745"/>
  <testcase name="addCustomerTest" classname="testcases.AddCustomerTest" time="0.386"/>
  <testcase name="OpenAccountTest" classname="testcases.OpenAccountTest" time="0.685"/>
</testsuite>