<?xml version="1.0" encoding="UTF-8"?>
<!-- Generated by org.testng.reporters.JUnitReportReporter -->
<testsuite hostname="Rajeev" failures="0" tests="2" name="testcases.AddCustomer" time="1.511" errors="0" timestamp="2020-12-11T09:50:49 GMT" skipped="0">
  <testcase classname="testcases.AddCustomer" name="addCustomerTest" time="1.105"/>
  <system-out/>
  <testcase classname="testcases.AddCustomer" name="addCustomerTest" time="0.406"/>
  <system-out/>
</testsuite> <!-- testcases.AddCustomer -->
