<?xml version="1.0" encoding="UTF-8"?>
<!-- Generated by org.testng.reporters.JUnitReportReporter -->
<testsuite hostname="Rajeev" failures="0" tests="1" name="testcases.BankManagerLogin" time="0.303" errors="0" timestamp="2020-12-11T09:50:49 GMT" skipped="0">
  <testcase classname="testcases.BankManagerLogin" name="loginAsBankManager" time="0.303"/>
  <system-out/>
</testsuite> <!-- testcases.BankManagerLogin -->
