<?xml version="1.0" encoding="UTF-8"?>
<!-- Generated by org.testng.reporters.JUnitReportReporter -->
<testsuite hostname="Rajeev" failures="0" tests="1" name="testcases.LoginTest" time="3.222" errors="0" timestamp="2020-12-10T07:07:56 GMT" skipped="0">
  <testcase classname="testcases.LoginTest" name="loginAsBankManager" time="3.222"/>
  <system-out/>
</testsuite> <!-- testcases.LoginTest -->
