<?xml version="1.0" encoding="UTF-8"?>
<!-- Generated by org.testng.reporters.JUnitReportReporter -->
<testsuite hostname="Rajeev" failures="0" tests="1" name="testcases.OpenAccountTest" time="0.834" errors="0" timestamp="2020-12-11T10:16:58 GMT" skipped="0">
  <testcase classname="testcases.OpenAccountTest" name="OpenAccountTest" time="0.834"/>
  <system-out/>
</testsuite> <!-- testcases.OpenAccountTest -->
