<?xml version="1.0" encoding="UTF-8"?>
<!-- Generated by org.testng.reporters.JUnitReportReporter -->
<testsuite hostname="Rajeev" failures="0" tests="1" name="testcases.BankManagerLoginTest" time="0.458" errors="0" timestamp="2020-12-11T10:16:58 GMT" skipped="0">
  <testcase classname="testcases.BankManagerLoginTest" name="loginAsBankManager" time="0.458"/>
  <system-out/>
</testsuite> <!-- testcases.BankManagerLoginTest -->
