<?xml version="1.0" encoding="UTF-8"?>
<!-- Generated by org.testng.reporters.JUnitReportReporter -->
<testsuite hostname="Rajeev" failures="0" tests="2" name="testcases.AddCustomerTest" time="1.129" errors="0" timestamp="2020-12-11T10:41:12 GMT" skipped="0">
  <testcase classname="testcases.AddCustomerTest" name="addCustomerTest" time="0.388"/>
  <system-out/>
  <testcase classname="testcases.AddCustomerTest" name="addCustomerTest" time="0.741"/>
  <system-out/>
</testsuite> <!-- testcases.AddCustomerTest -->
